<?xml version="1.0" encoding="UTF-8"?>
<!-- Generated by org.testng.reporters.JUnitReportReporter -->
<testsuite hostname="ST-LT-176" name="execution.TestExecution" tests="4" failures="0" timestamp="8 Oct 2018 09:00:17 GMT" time="89.386" errors="0">
  <testcase name="verify_launch" time="15.119" classname="execution.TestExecution"/>
  <testcase name="verify_login" time="17.827" classname="execution.TestExecution"/>
  <testcase name="verify_login" time="8.247" classname="execution.TestExecution"/>
  <testcase name="verify_launch" time="48.193" classname="execution.TestExecution"/>
</testsuite> <!-- execution.TestExecution -->
