<?xml version="1.0" encoding="UTF-8"?>
<!-- Generated by org.testng.reporters.JUnitReportReporter -->
<testsuite hostname="ST-LT-176" name="execution.TestExecution" tests="4" failures="0" timestamp="5 Oct 2018 10:11:39 GMT" time="38.571" errors="0">
  <testcase name="verify_launch" time="16.868" classname="execution.TestExecution"/>
  <testcase name="verify_login" time="8.710" classname="execution.TestExecution"/>
  <testcase name="verify_launch" time="9.371" classname="execution.TestExecution"/>
  <testcase name="verify_login" time="3.622" classname="execution.TestExecution"/>
</testsuite> <!-- execution.TestExecution -->
